[debug] [2021-02-23T14:16:03.156Z] ----------------------------------------------------------------------
[debug] [2021-02-23T14:16:03.157Z] Command:       C:\Program Files\nodejs\node.exe C:\Users\admin\AppData\Roaming\npm\node_modules\firebase-tools\lib\bin\firebase.js emulators:start
[debug] [2021-02-23T14:16:03.158Z] CLI Version:   9.5.0
[debug] [2021-02-23T14:16:03.158Z] Platform:      win32
[debug] [2021-02-23T14:16:03.158Z] Node Version:  v12.16.1
[debug] [2021-02-23T14:16:03.159Z] Time:          Tue Feb 23 2021 17:16:03 GMT+0300 (Moscow Standard Time)
[debug] [2021-02-23T14:16:03.159Z] ----------------------------------------------------------------------
[debug] [2021-02-23T14:16:03.159Z] 
[debug] [2021-02-23T14:16:03.165Z] > command requires scopes: ["email","openid","https://www.googleapis.com/auth/cloudplatformprojects.readonly","https://www.googleapis.com/auth/firebase","https://www.googleapis.com/auth/cloud-platform"]
[debug] [2021-02-23T14:16:03.166Z] > authorizing via signed-in user
[info] i  emulators: Starting emulators: auth, functions, database {"metadata":{"emulator":{"name":"hub"},"message":"Starting emulators: auth, functions, database"}}
[debug] [2021-02-23T14:16:05.196Z] [hub] writing locator at C:\Users\admin\AppData\Local\Temp\hub-innowise-practice-level-1.json
[warn] !  functions: The following emulators are not running, calls to these services from the Functions emulator will affect production: firestore, hosting, pubsub {"metadata":{"emulator":{"name":"functions"},"message":"The following emulators are not running, calls to these services from the Functions emulator will affect production: \u001b[1mfirestore, hosting, pubsub\u001b[22m"}}
[info] +  functions: Using node@12 from host. {"metadata":{"emulator":{"name":"functions"},"message":"Using node@12 from host."}}
[debug] [2021-02-23T14:16:07.215Z] defaultcredentials: writing to file C:\Users\admin\AppData\Roaming\firebase\vladoserr37_gmail_com_application_default_credentials.json
[debug] [2021-02-23T14:16:07.216Z] Setting GAC to C:\Users\admin\AppData\Roaming\firebase\vladoserr37_gmail_com_application_default_credentials.json {"metadata":{"emulator":{"name":"functions"},"message":"Setting GAC to C:\\Users\\admin\\AppData\\Roaming\\firebase\\vladoserr37_gmail_com_application_default_credentials.json"}}
[debug] [2021-02-23T14:16:07.218Z] >>> [apiv2][query] GET https://firebase.googleapis.com/v1beta1/projects/innowise-practice-level-1/adminSdkConfig [none]
[debug] [2021-02-23T14:16:07.712Z] <<< [apiv2][status] GET https://firebase.googleapis.com/v1beta1/projects/innowise-practice-level-1/adminSdkConfig 200
[debug] [2021-02-23T14:16:07.713Z] <<< [apiv2][body] GET https://firebase.googleapis.com/v1beta1/projects/innowise-practice-level-1/adminSdkConfig {"projectId":"innowise-practice-level-1","databaseURL":"https://innowise-practice-level-1-default-rtdb.firebaseio.com","storageBucket":"innowise-practice-level-1.appspot.com"}
[debug] [2021-02-23T14:16:09.730Z] >>> [apiv2][query] GET https://firebase.googleapis.com/v1beta1/projects/innowise-practice-level-1 [none]
[debug] [2021-02-23T14:16:10.096Z] <<< [apiv2][status] GET https://firebase.googleapis.com/v1beta1/projects/innowise-practice-level-1 200
[debug] [2021-02-23T14:16:10.096Z] <<< [apiv2][body] GET https://firebase.googleapis.com/v1beta1/projects/innowise-practice-level-1 {"projectId":"innowise-practice-level-1","projectNumber":"779327789150","displayName":"Innowise-Practice-Level-1","name":"projects/innowise-practice-level-1","resources":{"hostingSite":"innowise-practice-level-1","realtimeDatabaseInstance":"innowise-practice-level-1-default-rtdb"},"state":"ACTIVE"}
[debug] [2021-02-23T14:16:10.096Z] database rules config:  [{"instance":"innowise-practice-level-1-default-rtdb","rules":"D:\\WebProjects\\Work-front\\innowise-practice-level-1\\database.rules.json"}]
[debug] [2021-02-23T14:16:10.099Z] Ignoring unsupported arg: projectId {"metadata":{"emulator":{"name":"database"},"message":"Ignoring unsupported arg: projectId"}}
[debug] [2021-02-23T14:16:10.099Z] Ignoring unsupported arg: auto_download {"metadata":{"emulator":{"name":"database"},"message":"Ignoring unsupported arg: auto_download"}}
[debug] [2021-02-23T14:16:10.099Z] Ignoring unsupported arg: rules {"metadata":{"emulator":{"name":"database"},"message":"Ignoring unsupported arg: rules"}}
[debug] [2021-02-23T14:16:10.099Z] Starting Database Emulator with command {"binary":"java","args":["-Duser.language=en","-jar","C:\\Users\\admin\\.cache\\firebase\\emulators\\firebase-database-emulator-v4.7.2.jar","--host","localhost","--port",9000,"--functions_emulator_host","localhost","--functions_emulator_port",5001],"optionalArgs":["port","host","functions_emulator_port","functions_emulator_host"],"joinArgs":false} {"metadata":{"emulator":{"name":"database"},"message":"Starting Database Emulator with command {\"binary\":\"java\",\"args\":[\"-Duser.language=en\",\"-jar\",\"C:\\\\Users\\\\admin\\\\.cache\\\\firebase\\\\emulators\\\\firebase-database-emulator-v4.7.2.jar\",\"--host\",\"localhost\",\"--port\",9000,\"--functions_emulator_host\",\"localhost\",\"--functions_emulator_port\",5001],\"optionalArgs\":[\"port\",\"host\",\"functions_emulator_port\",\"functions_emulator_host\"],\"joinArgs\":false}"}}
[info] i  database: Database Emulator logging to database-debug.log {"metadata":{"emulator":{"name":"database"},"message":"Database Emulator logging to \u001b[1mdatabase-debug.log\u001b[22m"}}
[debug] [2021-02-23T14:16:20.278Z] Ignoring unsupported arg: auto_download {"metadata":{"emulator":{"name":"ui"},"message":"Ignoring unsupported arg: auto_download"}}
[debug] [2021-02-23T14:16:20.278Z] Ignoring unsupported arg: port {"metadata":{"emulator":{"name":"ui"},"message":"Ignoring unsupported arg: port"}}
[debug] [2021-02-23T14:16:20.278Z] Starting Emulator UI with command {"binary":"node","args":["C:\\Users\\admin\\.cache\\firebase\\emulators\\ui-v1.4.2\\server.bundle.js"],"optionalArgs":[],"joinArgs":false} {"metadata":{"emulator":{"name":"ui"},"message":"Starting Emulator UI with command {\"binary\":\"node\",\"args\":[\"C:\\\\Users\\\\admin\\\\.cache\\\\firebase\\\\emulators\\\\ui-v1.4.2\\\\server.bundle.js\"],\"optionalArgs\":[],\"joinArgs\":false}"}}
[info] i  ui: Emulator UI logging to ui-debug.log {"metadata":{"emulator":{"name":"ui"},"message":"Emulator UI logging to \u001b[1mui-debug.log\u001b[22m"}}
[debug] [2021-02-23T14:16:20.377Z] Web / API server started at http://localhost:6001
 {"metadata":{"emulator":{"name":"ui"},"message":"Web / API server started at http://localhost:6001\n"}}
[info] i  functions: Watching "D:\WebProjects\Work-front\innowise-practice-level-1\src\functions" for Cloud Functions... {"metadata":{"emulator":{"name":"functions"},"message":"Watching \"D:\\WebProjects\\Work-front\\innowise-practice-level-1\\src\\functions\" for Cloud Functions..."}}
[debug] [2021-02-23T14:16:20.792Z] [worker-pool] addWorker(~diagnostic~) {"metadata":{"emulator":{"name":"functions"},"message":"[worker-pool] addWorker(~diagnostic~)"}}
[debug] [2021-02-23T14:16:20.792Z] [worker-pool] Adding worker with key ~diagnostic~, total=1 {"metadata":{"emulator":{"name":"functions"},"message":"[worker-pool] Adding worker with key ~diagnostic~, total=1"}}
[debug] [2021-02-23T14:16:20.793Z] [worker-pool] submitWork(triggerId=) {"metadata":{"emulator":{"name":"functions"},"message":"[worker-pool] submitWork(triggerId=)"}}
[debug] [2021-02-23T14:16:20.793Z] [worker-~diagnostic~-ba0f0dbe-acbf-4d85-a038-b0e16276c2bf]: Assigning socketPath: \\?\pipe\D:\WebProjects\Work-front\innowise-practice-level-1\src\functions\5156 {"metadata":{"emulator":{"name":"functions"},"message":"[worker-~diagnostic~-ba0f0dbe-acbf-4d85-a038-b0e16276c2bf]: Assigning socketPath: \\\\?\\pipe\\D:\\WebProjects\\Work-front\\innowise-practice-level-1\\src\\functions\\5156"}}
[debug] [2021-02-23T14:16:20.793Z] [worker-~diagnostic~-ba0f0dbe-acbf-4d85-a038-b0e16276c2bf]: BUSY {"metadata":{"emulator":{"name":"functions"},"message":"[worker-~diagnostic~-ba0f0dbe-acbf-4d85-a038-b0e16276c2bf]: BUSY"}}
[debug] [2021-02-23T14:16:20.960Z] [runtime-status] [5156] Functions runtime initialized. {"cwd":"D:\\WebProjects\\Work-front\\innowise-practice-level-1\\src\\functions","node_version":"12.16.1"} {"metadata":{"emulator":{"name":"functions"},"message":"[runtime-status] [5156] Functions runtime initialized. {\"cwd\":\"D:\\\\WebProjects\\\\Work-front\\\\innowise-practice-level-1\\\\src\\\\functions\",\"node_version\":\"12.16.1\"}"}}
[debug] [2021-02-23T14:16:20.960Z] [runtime-status] [5156] Disabled runtime features: undefined {"metadata":{"emulator":{"name":"functions"},"message":"[runtime-status] [5156] Disabled runtime features: undefined"}}
[debug] [2021-02-23T14:16:20.962Z] [runtime-status] [5156] Resolved module firebase-admin {"declared":true,"installed":true,"version":"9.5.0","resolution":"D:\\WebProjects\\Work-front\\innowise-practice-level-1\\src\\functions\\node_modules\\firebase-admin\\lib\\index.js"} {"metadata":{"emulator":{"name":"functions"},"message":"[runtime-status] [5156] Resolved module firebase-admin {\"declared\":true,\"installed\":true,\"version\":\"9.5.0\",\"resolution\":\"D:\\\\WebProjects\\\\Work-front\\\\innowise-practice-level-1\\\\src\\\\functions\\\\node_modules\\\\firebase-admin\\\\lib\\\\index.js\"}"}}
[debug] [2021-02-23T14:16:20.963Z] [runtime-status] [5156] Resolved module firebase-functions {"declared":true,"installed":true,"version":"3.13.2","resolution":"D:\\WebProjects\\Work-front\\innowise-practice-level-1\\src\\functions\\node_modules\\firebase-functions\\lib\\index.js"} {"metadata":{"emulator":{"name":"functions"},"message":"[runtime-status] [5156] Resolved module firebase-functions {\"declared\":true,\"installed\":true,\"version\":\"3.13.2\",\"resolution\":\"D:\\\\WebProjects\\\\Work-front\\\\innowise-practice-level-1\\\\src\\\\functions\\\\node_modules\\\\firebase-functions\\\\lib\\\\index.js\"}"}}
[debug] [2021-02-23T14:16:20.964Z] [runtime-status] [5156] Resolved module firebase-functions {"declared":true,"installed":true,"version":"3.13.2","resolution":"D:\\WebProjects\\Work-front\\innowise-practice-level-1\\src\\functions\\node_modules\\firebase-functions\\lib\\index.js"} {"metadata":{"emulator":{"name":"functions"},"message":"[runtime-status] [5156] Resolved module firebase-functions {\"declared\":true,\"installed\":true,\"version\":\"3.13.2\",\"resolution\":\"D:\\\\WebProjects\\\\Work-front\\\\innowise-practice-level-1\\\\src\\\\functions\\\\node_modules\\\\firebase-functions\\\\lib\\\\index.js\"}"}}
[debug] [2021-02-23T14:16:20.966Z] [runtime-status] [5156] Outgoing network have been stubbed. [{"name":"http","status":"mocked"},{"name":"http","status":"mocked"},{"name":"https","status":"mocked"},{"name":"https","status":"mocked"},{"name":"net","status":"mocked"}] {"metadata":{"emulator":{"name":"functions"},"message":"[runtime-status] [5156] Outgoing network have been stubbed. [{\"name\":\"http\",\"status\":\"mocked\"},{\"name\":\"http\",\"status\":\"mocked\"},{\"name\":\"https\",\"status\":\"mocked\"},{\"name\":\"https\",\"status\":\"mocked\"},{\"name\":\"net\",\"status\":\"mocked\"}]"}}
[debug] [2021-02-23T14:16:20.966Z] [runtime-status] [5156] Resolved module firebase-functions {"declared":true,"installed":true,"version":"3.13.2","resolution":"D:\\WebProjects\\Work-front\\innowise-practice-level-1\\src\\functions\\node_modules\\firebase-functions\\lib\\index.js"} {"metadata":{"emulator":{"name":"functions"},"message":"[runtime-status] [5156] Resolved module firebase-functions {\"declared\":true,\"installed\":true,\"version\":\"3.13.2\",\"resolution\":\"D:\\\\WebProjects\\\\Work-front\\\\innowise-practice-level-1\\\\src\\\\functions\\\\node_modules\\\\firebase-functions\\\\lib\\\\index.js\"}"}}
[debug] [2021-02-23T14:16:21.002Z] [runtime-status] [5156] Checked functions.config() {"config":{}} {"metadata":{"emulator":{"name":"functions"},"message":"[runtime-status] [5156] Checked functions.config() {\"config\":{}}"}}
[debug] [2021-02-23T14:16:21.002Z] [runtime-status] [5156] firebase-functions has been stubbed. {"functionsResolution":{"declared":true,"installed":true,"version":"3.13.2","resolution":"D:\\WebProjects\\Work-front\\innowise-practice-level-1\\src\\functions\\node_modules\\firebase-functions\\lib\\index.js"}} {"metadata":{"emulator":{"name":"functions"},"message":"[runtime-status] [5156] firebase-functions has been stubbed. {\"functionsResolution\":{\"declared\":true,\"installed\":true,\"version\":\"3.13.2\",\"resolution\":\"D:\\\\WebProjects\\\\Work-front\\\\innowise-practice-level-1\\\\src\\\\functions\\\\node_modules\\\\firebase-functions\\\\lib\\\\index.js\"}}"}}
[debug] [2021-02-23T14:16:21.002Z] [runtime-status] [5156] Resolved module firebase-functions {"declared":true,"installed":true,"version":"3.13.2","resolution":"D:\\WebProjects\\Work-front\\innowise-practice-level-1\\src\\functions\\node_modules\\firebase-functions\\lib\\index.js"} {"metadata":{"emulator":{"name":"functions"},"message":"[runtime-status] [5156] Resolved module firebase-functions {\"declared\":true,\"installed\":true,\"version\":\"3.13.2\",\"resolution\":\"D:\\\\WebProjects\\\\Work-front\\\\innowise-practice-level-1\\\\src\\\\functions\\\\node_modules\\\\firebase-functions\\\\lib\\\\index.js\"}"}}
[debug] [2021-02-23T14:16:21.003Z] [runtime-status] [5156] Resolved module firebase-admin {"declared":true,"installed":true,"version":"9.5.0","resolution":"D:\\WebProjects\\Work-front\\innowise-practice-level-1\\src\\functions\\node_modules\\firebase-admin\\lib\\index.js"} {"metadata":{"emulator":{"name":"functions"},"message":"[runtime-status] [5156] Resolved module firebase-admin {\"declared\":true,\"installed\":true,\"version\":\"9.5.0\",\"resolution\":\"D:\\\\WebProjects\\\\Work-front\\\\innowise-practice-level-1\\\\src\\\\functions\\\\node_modules\\\\firebase-admin\\\\lib\\\\index.js\"}"}}
[debug] [2021-02-23T14:16:21.003Z] [runtime-status] [5156] Resolved module firebase-functions {"declared":true,"installed":true,"version":"3.13.2","resolution":"D:\\WebProjects\\Work-front\\innowise-practice-level-1\\src\\functions\\node_modules\\firebase-functions\\lib\\index.js"} {"metadata":{"emulator":{"name":"functions"},"message":"[runtime-status] [5156] Resolved module firebase-functions {\"declared\":true,\"installed\":true,\"version\":\"3.13.2\",\"resolution\":\"D:\\\\WebProjects\\\\Work-front\\\\innowise-practice-level-1\\\\src\\\\functions\\\\node_modules\\\\firebase-functions\\\\lib\\\\index.js\"}"}}
[debug] [2021-02-23T14:16:21.004Z] [runtime-status] [5156] firebase-admin has been stubbed. {"adminResolution":{"declared":true,"installed":true,"version":"9.5.0","resolution":"D:\\WebProjects\\Work-front\\innowise-practice-level-1\\src\\functions\\node_modules\\firebase-admin\\lib\\index.js"}} {"metadata":{"emulator":{"name":"functions"},"message":"[runtime-status] [5156] firebase-admin has been stubbed. {\"adminResolution\":{\"declared\":true,\"installed\":true,\"version\":\"9.5.0\",\"resolution\":\"D:\\\\WebProjects\\\\Work-front\\\\innowise-practice-level-1\\\\src\\\\functions\\\\node_modules\\\\firebase-admin\\\\lib\\\\index.js\"}}"}}
[debug] [2021-02-23T14:16:21.006Z] >>> HTTP REQUEST PUT http://localhost:9000/.settings/rules.json?ns=innowise-practice-level-1-default-rtdb  
 {
  "rules": {
    ".read": "now < 1616619600000",  // 2021-3-25
    ".write": "now < 1616619600000",  // 2021-3-25
  }
}
[debug] [2021-02-23T14:16:21.008Z] [worker-~diagnostic~-ba0f0dbe-acbf-4d85-a038-b0e16276c2bf]: IDLE {"metadata":{"emulator":{"name":"functions"},"message":"[worker-~diagnostic~-ba0f0dbe-acbf-4d85-a038-b0e16276c2bf]: IDLE"}}
[debug] [2021-02-23T14:16:21.303Z] <<< HTTP RESPONSE 200 {"content-length":"15","content-type":"application/json; charset=utf-8","access-control-allow-origin":"*","cache-control":"no-cache","x-firebase-project-id":"innowise-practice-level-1-default-rtdb","x-firebase-project-number":"123456789","x-firebase-uuid":"6917eac9-ba1f-4638-bc4f-0e8eb55ebc02"}
[info] 
┌─────────────────────────────────────────────────────────────┐
│ ✔  All emulators ready! It is now safe to connect your app. │
│ i  View Emulator UI at http://localhost:6001                │
└─────────────────────────────────────────────────────────────┘

┌────────────────┬────────────────┬─────────────────────────────────┐
│ Emulator       │ Host:Port      │ View in Emulator UI             │
├────────────────┼────────────────┼─────────────────────────────────┤
│ Authentication │ localhost:9099 │ http://localhost:6001/auth      │
├────────────────┼────────────────┼─────────────────────────────────┤
│ Functions      │ localhost:5001 │ http://localhost:6001/functions │
├────────────────┼────────────────┼─────────────────────────────────┤
│ Database       │ localhost:9000 │ http://localhost:6001/database  │
└────────────────┴────────────────┴─────────────────────────────────┘
  Emulator Hub running at localhost:4400
  Other reserved ports: 4500

Issues? Report them at https://github.com/firebase/firebase-tools/issues and attach the *-debug.log files.
 
[warn] !  database: Fatal error occurred: 
   Database Emulator has exited with code: 3221225786, 
   stopping all running emulators {"metadata":{"emulator":{"name":"database"},"message":"Fatal error occurred: \n   Database Emulator has exited with code: 3221225786, \n   stopping all running emulators"}}
[info] i  ui: Stopping Emulator UI {"metadata":{"emulator":{"name":"ui"},"message":"Stopping Emulator UI"}}
[warn] !  Emulator UI has exited upon receiving signal: SIGINT 
[info] i  functions: Stopping Functions Emulator {"metadata":{"emulator":{"name":"functions"},"message":"Stopping Functions Emulator"}}
[info] i  database: Stopping Database Emulator {"metadata":{"emulator":{"name":"database"},"message":"Stopping Database Emulator"}}
[debug] [2021-02-23T14:40:11.312Z] [worker-~diagnostic~-ba0f0dbe-acbf-4d85-a038-b0e16276c2bf]: exited {"metadata":{"emulator":{"name":"functions"},"message":"[worker-~diagnostic~-ba0f0dbe-acbf-4d85-a038-b0e16276c2bf]: exited"}}
[debug] [2021-02-23T14:40:11.312Z] [worker-~diagnostic~-ba0f0dbe-acbf-4d85-a038-b0e16276c2bf]: FINISHED {"metadata":{"emulator":{"name":"functions"},"message":"[worker-~diagnostic~-ba0f0dbe-acbf-4d85-a038-b0e16276c2bf]: FINISHED"}}
[debug] [2021-02-23T14:40:12.555Z] Received signal SIGHUP 1
